<?xml version="1.0" encoding="UTF-8"?>
<!-- Generated by org.testng.reporters.JUnitXMLReporter -->
<testsuite ignored="0" hostname="AP-3V8Z1R2" failures="1" tests="3" name="All Tests" time="10.243" errors="0" timestamp="2026-06-22T15:56:56 IST">
  <testcase classname="testcases.SecondSample" name="LoginTest" time="1.257">
    <skipped/>
  </testcase> <!-- LoginTest -->
  <testcase classname="testcases.SecondSample" name="LoginTest" time="0.027">
    <skipped/>
  </testcase> <!-- LoginTest -->
  <testcase classname="testcases.SecondSample" name="LoginTest" time="0.021">
    <failure type="java.lang.IllegalArgumentException" message="Keys to send must be set">
      <![CDATA[java.lang.IllegalArgumentException: Keys to send must be set
at org.openqa.selenium.internal.Require.nonNull(Require.java:68)
at org.openqa.selenium.remote.RemoteWebElement.sendKeys(RemoteWebElement.java:99)
at org.openqa.selenium.support.pagefactory.internal.LocatingElementHandler.invoke(LocatingElementHandler.java:51)
at jdk.proxy2/jdk.proxy2.$Proxy14.sendKeys(Unknown Source)
at pages.LoginPage.setUsername(LoginPage.java:34)
at testcases.SecondSample.LoginTest(SecondSample.java:17)
at java.base/java.util.ArrayList.forEach(ArrayList.java:1596)
... Removed 27 stack frames]]>
    </failure>
  </testcase> <!-- LoginTest -->
</testsuite> <!-- All Tests -->
